# JRE version: Java(TM) SE Runtime Environment (8.0_221-b11) (build 1.8.0_221-b11)
# Java VM: Java HotSpot(TM) 64-Bit Server VM (25.221-b11 mixed mode windows-amd64 compressed oops)
Heap:
 PSYoungGen      total 229888K, used 22018K [0x000000076b180000, 0x000000077c000000, 0x00000007c0000000)
  eden space 229376K, 9% used [0x000000076b180000,0x000000076c6809e0,0x0000000779180000)
  from space 512K, 100% used [0x000000077bf80000,0x000000077c000000,0x000000077c000000)
  to   space 12800K, 0% used [0x000000077a700000,0x000000077a700000,0x000000077b380000)
 ParOldGen       total 203264K, used 39344K [0x00000006c1400000, 0x00000006cda80000, 0x000000076b180000)
  object space 203264K, 19% used [0x00000006c1400000,0x00000006c3a6c258,0x00000006cda80000)
 Metaspace       used 71278K, capacity 74894K, committed 75224K, reserved 1114112K
  class space    used 9302K, capacity 9859K, committed 9944K, reserved 1048576K
GC Heap History (10 events):
Event: 919.625 GC heap before
{Heap before GC invocations=25 (full 3):
 PSYoungGen      total 282624K, used 265408K [0x000000076b180000, 0x000000077eb80000, 0x00000007c0000000)
  eden space 264704K, 100% used [0x000000076b180000,0x000000077b400000,0x000000077b400000)
  from space 17920K, 3% used [0x000000077c900000,0x000000077c9b0000,0x000000077da80000)
  to   space 16896K, 0% used [0x000000077db00000,0x000000077db00000,0x000000077eb80000)
 ParOldGen       total 203264K, used 39128K [0x00000006c1400000, 0x00000006cda80000, 0x000000076b180000)
  object space 203264K, 19% used [0x00000006c1400000,0x00000006c3a36258,0x00000006cda80000)
 Metaspace       used 71243K, capacity 74766K, committed 74968K, reserved 1114112K
  class space    used 9300K, capacity 9859K, committed 9944K, reserved 1048576K
Event: 919.629 GC heap after
Heap after GC invocations=25 (full 3):
 PSYoungGen      total 258048K, used 704K [0x000000076b180000, 0x000000077dc00000, 0x00000007c0000000)
  eden space 257024K, 0% used [0x000000076b180000,0x000000076b180000,0x000000077ac80000)
  from space 1024K, 68% used [0x000000077db00000,0x000000077dbb0000,0x000000077dc00000)
  to   space 16384K, 0% used [0x000000077bc00000,0x000000077bc00000,0x000000077cc00000)
 ParOldGen       total 203264K, used 39128K [0x00000006c1400000, 0x00000006cda80000, 0x000000076b180000)
  object space 203264K, 19% used [0x00000006c1400000,0x00000006c3a36258,0x00000006cda80000)
 Metaspace       used 71243K, capacity 74766K, committed 74968K, reserved 1114112K
  class space    used 9300K, capacity 9859K, committed 9944K, reserved 1048576K
}
Event: 921.989 GC heap before
{Heap before GC invocations=26 (full 3):
 PSYoungGen      total 258048K, used 257728K [0x000000076b180000, 0x000000077dc00000, 0x00000007c0000000)
  eden space 257024K, 100% used [0x000000076b180000,0x000000077ac80000,0x000000077ac80000)
  from space 1024K, 68% used [0x000000077db00000,0x000000077dbb0000,0x000000077dc00000)
  to   space 16384K, 0% used [0x000000077bc00000,0x000000077bc00000,0x000000077cc00000)
 ParOldGen       total 203264K, used 39128K [0x00000006c1400000, 0x00000006cda80000, 0x000000076b180000)
  object space 203264K, 19% used [0x00000006c1400000,0x00000006c3a36258,0x00000006cda80000)
 Metaspace       used 71248K, capacity 74766K, committed 74968K, reserved 1114112K
  class space    used 9300K, capacity 9859K, committed 9944K, reserved 1048576K
Event: 921.991 GC heap after
Heap after GC invocations=26 (full 3):
 PSYoungGen      total 266240K, used 672K [0x000000076b180000, 0x000000077db80000, 0x00000007c0000000)
  eden space 249856K, 0% used [0x000000076b180000,0x000000076b180000,0x000000077a580000)
  from space 16384K, 4% used [0x000000077bc00000,0x000000077bca8000,0x000000077cc00000)
  to   space 15360K, 0% used [0x000000077cc80000,0x000000077cc80000,0x000000077db80000)
 ParOldGen       total 203264K, used 39128K [0x00000006c1400000, 0x00000006cda80000, 0x000000076b180000)
  object space 203264K, 19% used [0x00000006c1400000,0x00000006c3a36258,0x00000006cda80000)
 Metaspace       used 71248K, capacity 74766K, committed 74968K, reserved 1114112K
  class space    used 9300K, capacity 9859K, committed 9944K, reserved 1048576K
}
Event: 924.388 GC heap before
{Heap before GC invocations=27 (full 3):
 PSYoungGen      total 266240K, used 250528K [0x000000076b180000, 0x000000077db80000, 0x00000007c0000000)
  eden space 249856K, 100% used [0x000000076b180000,0x000000077a580000,0x000000077a580000)
  from space 16384K, 4% used [0x000000077bc00000,0x000000077bca8000,0x000000077cc00000)
  to   space 15360K, 0% used [0x000000077cc80000,0x000000077cc80000,0x000000077db80000)
 ParOldGen       total 203264K, used 39128K [0x00000006c1400000, 0x00000006cda80000, 0x000000076b180000)
  object space 203264K, 19% used [0x00000006c1400000,0x00000006c3a36258,0x00000006cda80000)
 Metaspace       used 71248K, capacity 74766K, committed 74968K, reserved 1114112K
  class space    used 9300K, capacity 9859K, committed 9944K, reserved 1048576K
Event: 924.393 GC heap after
Heap after GC invocations=27 (full 3):
 PSYoungGen      total 243712K, used 640K [0x000000076b180000, 0x000000077cd80000, 0x00000007c0000000)
  eden space 242688K, 0% used [0x000000076b180000,0x000000076b180000,0x0000000779e80000)
  from space 1024K, 62% used [0x000000077cc80000,0x000000077cd20000,0x000000077cd80000)
  to   space 14336K, 0% used [0x000000077b180000,0x000000077b180000,0x000000077bf80000)
 ParOldGen       total 203264K, used 39128K [0x00000006c1400000, 0x00000006cda80000, 0x000000076b180000)
  object space 203264K, 19% used [0x00000006c1400000,0x00000006c3a36258,0x00000006cda80000)
 Metaspace       used 71248K, capacity 74766K, committed 74968K, reserved 1114112K
  class space    used 9300K, capacity 9859K, committed 9944K, reserved 1048576K
}
Event: 926.236 GC heap before
{Heap before GC invocations=28 (full 3):
 PSYoungGen      total 243712K, used 243328K [0x000000076b180000, 0x000000077cd80000, 0x00000007c0000000)
  eden space 242688K, 100% used [0x000000076b180000,0x0000000779e80000,0x0000000779e80000)
  from space 1024K, 62% used [0x000000077cc80000,0x000000077cd20000,0x000000077cd80000)
  to   space 14336K, 0% used [0x000000077b180000,0x000000077b180000,0x000000077bf80000)
 ParOldGen       total 203264K, used 39128K [0x00000006c1400000, 0x00000006cda80000, 0x000000076b180000)
  object space 203264K, 19% used [0x00000006c1400000,0x00000006c3a36258,0x00000006cda80000)
 Metaspace       used 71248K, capacity 74766K, committed 74968K, reserved 1114112K
  class space    used 9300K, capacity 9859K, committed 9944K, reserved 1048576K
Event: 926.239 GC heap after
Heap after GC invocations=28 (full 3):
 PSYoungGen      total 250368K, used 608K [0x000000076b180000, 0x000000077cd00000, 0x00000007c0000000)
  eden space 236032K, 0% used [0x000000076b180000,0x000000076b180000,0x0000000779800000)
  from space 14336K, 4% used [0x000000077b180000,0x000000077b218000,0x000000077bf80000)
  to   space 13824K, 0% used [0x000000077bf80000,0x000000077bf80000,0x000000077cd00000)
 ParOldGen       total 203264K, used 39128K [0x00000006c1400000, 0x00000006cda80000, 0x000000076b180000)
  object space 203264K, 19% used [0x00000006c1400000,0x00000006c3a36258,0x00000006cda80000)
 Metaspace       used 71248K, capacity 74766K, committed 74968K, reserved 1114112K
  class space    used 9300K, capacity 9859K, committed 9944K, reserved 1048576K
}
Event: 927.402 GC heap before
{Heap before GC invocations=29 (full 3):
 PSYoungGen      total 250368K, used 236640K [0x000000076b180000, 0x000000077cd00000, 0x00000007c0000000)
  eden space 236032K, 100% used [0x000000076b180000,0x0000000779800000,0x0000000779800000)
  from space 14336K, 4% used [0x000000077b180000,0x000000077b218000,0x000000077bf80000)
  to   space 13824K, 0% used [0x000000077bf80000,0x000000077bf80000,0x000000077cd00000)
 ParOldGen       total 203264K, used 39128K [0x00000006c1400000, 0x00000006cda80000, 0x000000076b180000)
  object space 203264K, 19% used [0x00000006c1400000,0x00000006c3a36258,0x00000006cda80000)
 Metaspace       used 71248K, capacity 74766K, committed 74968K, reserved 1114112K
  class space    used 9300K, capacity 9859K, committed 9944K, reserved 1048576K
Event: 927.405 GC heap after
Heap after GC invocations=29 (full 3):
 PSYoungGen      total 229888K, used 512K [0x000000076b180000, 0x000000077c000000, 0x00000007c0000000)
  eden space 229376K, 0% used [0x000000076b180000,0x000000076b180000,0x0000000779180000)
  from space 512K, 100% used [0x000000077bf80000,0x000000077c000000,0x000000077c000000)
  to   space 12800K, 0% used [0x000000077a700000,0x000000077a700000,0x000000077b380000)
 ParOldGen       total 203264K, used 39344K [0x00000006c1400000, 0x00000006cda80000, 0x000000076b180000)
  object space 203264K, 19% used [0x00000006c1400000,0x00000006c3a6c258,0x00000006cda80000)
 Metaspace       used 71248K, capacity 74766K, committed 74968K, reserved 1114112K
  class space    used 9300K, capacity 9859K, committed 9944K, reserved 1048576K
}

